{"/home/kode/DEV/node_dir/Afrowise/WEB_APP/app.js": {"path":"/home/kode/DEV/node_dir/Afrowise/WEB_APP/app.js","statementMap":{"0":{"start":{"line":1,"column":11},"end":{"line":1,"column":40}},"1":{"start":{"line":2,"column":22},"end":{"line":2,"column":57}},"2":{"start":{"line":3,"column":15},"end":{"line":3,"column":34}},"3":{"start":{"line":4,"column":14},"end":{"line":4,"column":48}},"4":{"start":{"line":5,"column":14},"end":{"line":5,"column":32}},"5":{"start":{"line":6,"column":12},"end":{"line":6,"column":21}},"6":{"start":{"line":7,"column":19},"end":{"line":7,"column":41}},"7":{"start":{"line":8,"column":15},"end":{"line":8,"column":32}},"8":{"start":{"line":9,"column":0},"end":{"line":9,"column":29}},"9":{"start":{"line":11,"column":0},"end":{"line":11,"column":33}},"10":{"start":{"line":12,"column":10},"end":{"line":12,"column":26}},"11":{"start":{"line":13,"column":0},"end":{"line":13,"column":23}},"12":{"start":{"line":14,"column":0},"end":{"line":23,"column":5}},"13":{"start":{"line":16,"column":18},"end":{"line":16,"column":53}},"14":{"start":{"line":20,"column":8},"end":{"line":20,"column":77}},"15":{"start":{"line":21,"column":8},"end":{"line":21,"column":24}},"16":{"start":{"line":25,"column":0},"end":{"line":25,"column":18}},"17":{"start":{"line":26,"column":0},"end":{"line":26,"column":36}},"18":{"start":{"line":27,"column":12},"end":{"line":27,"column":36}},"19":{"start":{"line":28,"column":15},"end":{"line":30,"column":2}},"20":{"start":{"line":29,"column":4},"end":{"line":29,"column":48}},"21":{"start":{"line":32,"column":0},"end":{"line":32,"column":22}}},"fnMap":{"0":{"name":"(anonymous_0)","decl":{"start":{"line":16,"column":8},"end":{"line":16,"column":9}},"loc":{"start":{"line":16,"column":17},"end":{"line":17,"column":17}},"line":16},"1":{"name":"(anonymous_1)","decl":{"start":{"line":19,"column":11},"end":{"line":19,"column":12}},"loc":{"start":{"line":19,"column":18},"end":{"line":22,"column":5}},"line":19},"2":{"name":"(anonymous_2)","decl":{"start":{"line":28,"column":31},"end":{"line":28,"column":32}},"loc":{"start":{"line":28,"column":35},"end":{"line":30,"column":1}},"line":28}},"branchMap":{"0":{"loc":{"start":{"line":27,"column":12},"end":{"line":27,"column":36}},"type":"binary-expr","locations":[{"start":{"line":27,"column":12},"end":{"line":27,"column":28}},{"start":{"line":27,"column":32},"end":{"line":27,"column":36}}],"line":27}},"s":{"0":22,"1":22,"2":22,"3":22,"4":22,"5":22,"6":22,"7":22,"8":22,"9":22,"10":22,"11":22,"12":22,"13":21,"14":0,"15":0,"16":22,"17":22,"18":0,"19":0,"20":0,"21":0},"f":{"0":21,"1":0,"2":0},"b":{"0":[0,0]},"_coverageSchema":"1a1c01bbd47fc00a2c39e90264f33305004495a9","hash":"5c28a1e2a285621fad7860bbd7fe019bada912ba"}
,"/home/kode/DEV/node_dir/Afrowise/WEB_APP/models/users/teacher.js": {"path":"/home/kode/DEV/node_dir/Afrowise/WEB_APP/models/users/teacher.js","statementMap":{"0":{"start":{"line":1,"column":17},"end":{"line":1,"column":36}},"1":{"start":{"line":2,"column":12},"end":{"line":2,"column":26}},"2":{"start":{"line":4,"column":22},"end":{"line":28,"column":2}},"3":{"start":{"line":31,"column":16},"end":{"line":31,"column":55}},"4":{"start":{"line":33,"column":18},"end":{"line":42,"column":7}},"5":{"start":{"line":43,"column":19},"end":{"line":43,"column":46}},"6":{"start":{"line":45,"column":5},"end":{"line":45,"column":18}},"7":{"start":{"line":48,"column":0},"end":{"line":48,"column":24}},"8":{"start":{"line":49,"column":0},"end":{"line":49,"column":40}}},"fnMap":{"0":{"name":"validateTeacher","decl":{"start":{"line":32,"column":9},"end":{"line":32,"column":24}},"loc":{"start":{"line":32,"column":33},"end":{"line":47,"column":1}},"line":32}},"branchMap":{},"s":{"0":2,"1":2,"2":2,"3":2,"4":1,"5":1,"6":1,"7":2,"8":2},"f":{"0":1},"b":{},"_coverageSchema":"1a1c01bbd47fc00a2c39e90264f33305004495a9","hash":"e71eeb814ab5ef8d58ebb47d827c9ac9d56ff56d"}
,"/home/kode/DEV/node_dir/Afrowise/WEB_APP/routes/home/home.js": {"path":"/home/kode/DEV/node_dir/Afrowise/WEB_APP/routes/home/home.js","statementMap":{"0":{"start":{"line":1,"column":14},"end":{"line":1,"column":32}},"1":{"start":{"line":2,"column":13},"end":{"line":2,"column":29}},"2":{"start":{"line":4,"column":0},"end":{"line":6,"column":2}},"3":{"start":{"line":5,"column":4},"end":{"line":5,"column":38}},"4":{"start":{"line":8,"column":0},"end":{"line":10,"column":2}},"5":{"start":{"line":9,"column":4},"end":{"line":9,"column":35}},"6":{"start":{"line":11,"column":0},"end":{"line":13,"column":2}},"7":{"start":{"line":12,"column":4},"end":{"line":12,"column":26}},"8":{"start":{"line":14,"column":0},"end":{"line":16,"column":2}},"9":{"start":{"line":15,"column":4},"end":{"line":15,"column":30}},"10":{"start":{"line":17,"column":0},"end":{"line":17,"column":22}}},"fnMap":{"0":{"name":"(anonymous_0)","decl":{"start":{"line":4,"column":14},"end":{"line":4,"column":15}},"loc":{"start":{"line":4,"column":25},"end":{"line":6,"column":1}},"line":4},"1":{"name":"(anonymous_1)","decl":{"start":{"line":8,"column":23},"end":{"line":8,"column":24}},"loc":{"start":{"line":8,"column":34},"end":{"line":10,"column":1}},"line":8},"2":{"name":"(anonymous_2)","decl":{"start":{"line":11,"column":22},"end":{"line":11,"column":23}},"loc":{"start":{"line":11,"column":33},"end":{"line":13,"column":1}},"line":11},"3":{"name":"(anonymous_3)","decl":{"start":{"line":14,"column":26},"end":{"line":14,"column":27}},"loc":{"start":{"line":14,"column":37},"end":{"line":16,"column":1}},"line":14}},"branchMap":{},"s":{"0":1,"1":1,"2":1,"3":0,"4":1,"5":0,"6":1,"7":0,"8":1,"9":0,"10":1},"f":{"0":0,"1":0,"2":0,"3":0},"b":{},"_coverageSchema":"1a1c01bbd47fc00a2c39e90264f33305004495a9","hash":"d786e5c2886f378b3a90a013d861337f8f77cd1f"}
,"/home/kode/DEV/node_dir/Afrowise/WEB_APP/routes/teacher/account.js": {"path":"/home/kode/DEV/node_dir/Afrowise/WEB_APP/routes/teacher/account.js","statementMap":{"0":{"start":{"line":1,"column":16},"end":{"line":1,"column":34}},"1":{"start":{"line":2,"column":15},"end":{"line":2,"column":31}},"2":{"start":{"line":3,"column":37},"end":{"line":3,"column":74}},"3":{"start":{"line":4,"column":12},"end":{"line":4,"column":35}},"4":{"start":{"line":5,"column":15},"end":{"line":5,"column":32}},"5":{"start":{"line":7,"column":14},"end":{"line":23,"column":1}},"6":{"start":{"line":9,"column":4},"end":{"line":22,"column":5}},"7":{"start":{"line":10,"column":8},"end":{"line":10,"column":33}},"8":{"start":{"line":11,"column":23},"end":{"line":11,"column":51}},"9":{"start":{"line":12,"column":20},"end":{"line":12,"column":48}},"10":{"start":{"line":13,"column":8},"end":{"line":13,"column":24}},"11":{"start":{"line":14,"column":22},"end":{"line":14,"column":104}},"12":{"start":{"line":15,"column":8},"end":{"line":15,"column":74}},"13":{"start":{"line":19,"column":8},"end":{"line":19,"column":33}},"14":{"start":{"line":21,"column":8},"end":{"line":21,"column":15}},"15":{"start":{"line":24,"column":0},"end":{"line":26,"column":2}},"16":{"start":{"line":25,"column":4},"end":{"line":25,"column":31}},"17":{"start":{"line":28,"column":0},"end":{"line":28,"column":30}},"18":{"start":{"line":30,"column":0},"end":{"line":30,"column":25}},"19":{"start":{"line":31,"column":0},"end":{"line":31,"column":22}}},"fnMap":{"0":{"name":"(anonymous_0)","decl":{"start":{"line":7,"column":14},"end":{"line":7,"column":15}},"loc":{"start":{"line":7,"column":34},"end":{"line":23,"column":1}},"line":7},"1":{"name":"(anonymous_1)","decl":{"start":{"line":24,"column":21},"end":{"line":24,"column":22}},"loc":{"start":{"line":24,"column":35},"end":{"line":26,"column":1}},"line":24}},"branchMap":{},"s":{"0":2,"1":2,"2":2,"3":2,"4":2,"5":2,"6":1,"7":1,"8":1,"9":0,"10":0,"11":0,"12":0,"13":0,"14":0,"15":2,"16":0,"17":2,"18":2,"19":2},"f":{"0":1,"1":0},"b":{},"_coverageSchema":"1a1c01bbd47fc00a2c39e90264f33305004495a9","hash":"90f5660a6926c9020903d0f4884e70c4d3d8d002"}
}
