TN:
SF:app.js
FN:16,(anonymous_0)
FN:19,(anonymous_1)
FN:28,(anonymous_2)
FNF:3
FNH:1
FNDA:21,(anonymous_0)
FNDA:0,(anonymous_1)
FNDA:0,(anonymous_2)
DA:1,22
DA:2,22
DA:3,22
DA:4,22
DA:5,22
DA:6,22
DA:7,22
DA:8,22
DA:9,22
DA:11,22
DA:12,22
DA:13,22
DA:14,22
DA:16,21
DA:20,0
DA:21,0
DA:25,22
DA:26,22
DA:27,0
DA:28,0
DA:29,0
DA:32,0
LF:22
LH:16
BRDA:27,0,0,0
BRDA:27,0,1,0
BRF:2
BRH:0
end_of_record
TN:
SF:models/users/teacher.js
FN:32,validateTeacher
FNF:1
FNH:1
FNDA:1,validateTeacher
DA:1,2
DA:2,2
DA:4,2
DA:31,2
DA:33,1
DA:43,1
DA:45,1
DA:48,2
DA:49,2
LF:9
LH:9
BRF:0
BRH:0
end_of_record
TN:
SF:routes/home/home.js
FN:4,(anonymous_0)
FN:8,(anonymous_1)
FN:11,(anonymous_2)
FN:14,(anonymous_3)
FNF:4
FNH:0
FNDA:0,(anonymous_0)
FNDA:0,(anonymous_1)
FNDA:0,(anonymous_2)
FNDA:0,(anonymous_3)
DA:1,1
DA:2,1
DA:4,1
DA:5,0
DA:8,1
DA:9,0
DA:11,1
DA:12,0
DA:14,1
DA:15,0
DA:17,1
LF:11
LH:7
BRF:0
BRH:0
end_of_record
TN:
SF:routes/teacher/account.js
FN:7,(anonymous_0)
FN:24,(anonymous_1)
FNF:2
FNH:1
FNDA:1,(anonymous_0)
FNDA:0,(anonymous_1)
DA:1,2
DA:2,2
DA:3,2
DA:4,2
DA:5,2
DA:7,2
DA:9,1
DA:10,1
DA:11,1
DA:12,0
DA:13,0
DA:14,0
DA:15,0
DA:19,0
DA:21,0
DA:24,2
DA:25,0
DA:28,2
DA:30,2
DA:31,2
LF:20
LH:13
BRF:0
BRH:0
end_of_record
